<?xml version="1.0" encoding="UTF-8"?>
<coverage generated="1613805556878" clover="3.2.0">
  <project timestamp="1613805556878" name="All files">
    <metrics statements="11" coveredstatements="1" conditionals="7" coveredconditionals="0" methods="8" coveredmethods="1" elements="26" coveredelements="2" complexity="0" loc="11" ncloc="11" packages="1" files="4" classes="4"/>
    <file name="Darkreader.tsx" path="D:\github\react-darkreader\src\Darkreader.tsx">
      <metrics statements="2" coveredstatements="0" conditionals="1" coveredconditionals="0" methods="1" coveredmethods="0"/>
      <line num="14" count="0" type="stmt"/>
      <line num="16" count="0" type="stmt"/>
    </file>
    <file name="Switch.tsx" path="D:\github\react-darkreader\src\Switch.tsx">
      <metrics statements="1" coveredstatements="1" conditionals="2" coveredconditionals="0" methods="2" coveredmethods="1"/>
      <line num="14" count="1" type="stmt"/>
    </file>
    <file name="index.ts" path="D:\github\react-darkreader\src\index.ts">
      <metrics statements="0" coveredstatements="0" conditionals="0" coveredconditionals="0" methods="0" coveredmethods="0"/>
    </file>
    <file name="useDarkreader.ts" path="D:\github\react-darkreader\src\useDarkreader.ts">
      <metrics statements="8" coveredstatements="0" conditionals="4" coveredconditionals="0" methods="5" coveredmethods="0"/>
      <line num="17" count="0" type="stmt"/>
      <line num="27" count="0" type="stmt"/>
      <line num="29" count="0" type="stmt"/>
      <line num="30" count="0" type="stmt"/>
      <line num="32" count="0" type="cond" truecount="0" falsecount="2"/>
      <line num="43" count="0" type="stmt"/>
      <line num="44" count="0" type="stmt"/>
      <line num="47" count="0" type="stmt"/>
    </file>
  </project>
</coverage>
