{"D:\\github\\react-darkreader\\src\\Darkreader.tsx": {"path":"D:\\github\\react-darkreader\\src\\Darkreader.tsx","statementMap":{"0":{"start":{"line":14,"column":27},"end":{"line":14,"column":64}},"1":{"start":{"line":16,"column":2},"end":{"line":16,"column":54}}},"fnMap":{"0":{"name":"Darkreader","decl":{"start":{"line":10,"column":24},"end":{"line":10,"column":34}},"loc":{"start":{"line":13,"column":20},"end":{"line":17,"column":1}},"line":13}},"branchMap":{"0":{"loc":{"start":{"line":11,"column":2},"end":{"line":11,"column":23}},"type":"default-arg","locations":[{"start":{"line":11,"column":18},"end":{"line":11,"column":23}}],"line":11}},"s":{"0":0,"1":0},"f":{"0":0},"b":{"0":[0]}}
,"D:\\github\\react-darkreader\\src\\Switch.tsx": {"path":"D:\\github\\react-darkreader\\src\\Switch.tsx","statementMap":{"0":{"start":{"line":14,"column":2},"end":{"line":27,"column":4}}},"fnMap":{"0":{"name":"Switch","decl":{"start":{"line":10,"column":24},"end":{"line":10,"column":30}},"loc":{"start":{"line":13,"column":11},"end":{"line":28,"column":1}},"line":13},"1":{"name":"(anonymous_1)","decl":{"start":{"line":12,"column":13},"end":{"line":12,"column":14}},"loc":{"start":{"line":12,"column":19},"end":{"line":12,"column":21}},"line":12}},"branchMap":{"0":{"loc":{"start":{"line":11,"column":2},"end":{"line":11,"column":16}},"type":"default-arg","locations":[{"start":{"line":11,"column":11},"end":{"line":11,"column":16}}],"line":11},"1":{"loc":{"start":{"line":12,"column":2},"end":{"line":12,"column":21}},"type":"default-arg","locations":[{"start":{"line":12,"column":13},"end":{"line":12,"column":21}}],"line":12}},"s":{"0":1},"f":{"0":1,"1":0},"b":{"0":[0],"1":[0]},"_coverageSchema":"1a1c01bbd47fc00a2c39e90264f33305004495a9","hash":"044eea330cfb5c485b654d2e9aa8f9e8bd0c3740"}
,"D:\\github\\react-darkreader\\src\\index.ts": {"path":"D:\\github\\react-darkreader\\src\\index.ts","statementMap":{},"fnMap":{},"branchMap":{},"s":{},"f":{},"b":{}}
,"D:\\github\\react-darkreader\\src\\useDarkreader.ts": {"path":"D:\\github\\react-darkreader\\src\\useDarkreader.ts","statementMap":{"0":{"start":{"line":17,"column":23},"end":{"line":21,"column":1}},"1":{"start":{"line":27,"column":30},"end":{"line":27,"column":53}},"2":{"start":{"line":29,"column":2},"end":{"line":41,"column":15}},"3":{"start":{"line":30,"column":4},"end":{"line":30,"column":33}},"4":{"start":{"line":32,"column":4},"end":{"line":38,"column":26}},"5":{"start":{"line":43,"column":2},"end":{"line":45,"column":5}},"6":{"start":{"line":44,"column":4},"end":{"line":44,"column":22}},"7":{"start":{"line":47,"column":2},"end":{"line":47,"column":72}},"8":{"start":{"line":47,"column":24},"end":{"line":47,"column":58}},"9":{"start":{"line":47,"column":47},"end":{"line":47,"column":57}}},"fnMap":{"0":{"name":"useDarkreader","decl":{"start":{"line":23,"column":24},"end":{"line":23,"column":37}},"loc":{"start":{"line":26,"column":48},"end":{"line":48,"column":1}},"line":26},"1":{"name":"(anonymous_1)","decl":{"start":{"line":29,"column":12},"end":{"line":29,"column":13}},"loc":{"start":{"line":29,"column":18},"end":{"line":41,"column":3}},"line":29},"2":{"name":"(anonymous_2)","decl":{"start":{"line":43,"column":13},"end":{"line":43,"column":14}},"loc":{"start":{"line":43,"column":19},"end":{"line":45,"column":3}},"line":43},"3":{"name":"(anonymous_3)","decl":{"start":{"line":47,"column":18},"end":{"line":47,"column":19}},"loc":{"start":{"line":47,"column":24},"end":{"line":47,"column":58}},"line":47},"4":{"name":"(anonymous_4)","decl":{"start":{"line":47,"column":34},"end":{"line":47,"column":35}},"loc":{"start":{"line":47,"column":47},"end":{"line":47,"column":57}},"line":47}},"branchMap":{"0":{"loc":{"start":{"line":24,"column":2},"end":{"line":24,"column":32}},"type":"default-arg","locations":[{"start":{"line":24,"column":27},"end":{"line":24,"column":32}}],"line":24},"1":{"loc":{"start":{"line":25,"column":2},"end":{"line":25,"column":59}},"type":"default-arg","locations":[{"start":{"line":25,"column":45},"end":{"line":25,"column":59}}],"line":25},"2":{"loc":{"start":{"line":32,"column":4},"end":{"line":38,"column":25}},"type":"cond-expr","locations":[{"start":{"line":33,"column":8},"end":{"line":37,"column":10}},{"start":{"line":38,"column":8},"end":{"line":38,"column":25}}],"line":32}},"s":{"0":0,"1":0,"2":0,"3":0,"4":0,"5":0,"6":0,"7":0,"8":0,"9":0},"f":{"0":0,"1":0,"2":0,"3":0,"4":0},"b":{"0":[0],"1":[0],"2":[0,0]}}
}
