TN:
SF:src\Darkreader.tsx
FN:10,Darkreader
FNF:1
FNH:0
FNDA:0,Darkreader
DA:14,0
DA:16,0
LF:2
LH:0
BRDA:11,0,0,0
BRF:1
BRH:0
end_of_record
TN:
SF:src\Switch.tsx
FN:10,Switch
FN:12,(anonymous_1)
FNF:2
FNH:1
FNDA:1,Switch
FNDA:0,(anonymous_1)
DA:14,1
LF:1
LH:1
BRDA:11,0,0,0
BRDA:12,1,0,0
BRF:2
BRH:0
end_of_record
TN:
SF:src\index.ts
FNF:0
FNH:0
LF:0
LH:0
BRF:0
BRH:0
end_of_record
TN:
SF:src\useDarkreader.ts
FN:23,useDarkreader
FN:29,(anonymous_1)
FN:43,(anonymous_2)
FN:47,(anonymous_3)
FN:47,(anonymous_4)
FNF:5
FNH:0
FNDA:0,useDarkreader
FNDA:0,(anonymous_1)
FNDA:0,(anonymous_2)
FNDA:0,(anonymous_3)
FNDA:0,(anonymous_4)
DA:17,0
DA:27,0
DA:29,0
DA:30,0
DA:32,0
DA:43,0
DA:44,0
DA:47,0
LF:8
LH:0
BRDA:24,0,0,0
BRDA:25,1,0,0
BRDA:32,2,0,0
BRDA:32,2,1,0
BRF:4
BRH:0
end_of_record
